<?xml version="1.0" encoding="UTF-8"?>
<testng-results ignored="0" total="1" passed="1" failed="0" skipped="0">
  <reporter-output>
  </reporter-output>
  <suite started-at="2024-03-24T10:40:15 IST" name="Default suite" finished-at="2024-03-24T10:42:10 IST" duration-ms="114190">
    <groups>
    </groups>
    <test started-at="2024-03-24T10:40:15 IST" name="Default test" finished-at="2024-03-24T10:42:10 IST" duration-ms="114190">
      <class name="Assignment.Assignment.AppTest">
        <test-method signature="Test()[pri:0, instance:Assignment.Assignment.AppTest@399f45b1]" started-at="2024-03-24T10:40:15 IST" name="Test" finished-at="2024-03-24T10:42:10 IST" duration-ms="114144" status="PASS">
          <reporter-output>
          </reporter-output>
        </test-method> <!-- Test -->
      </class> <!-- Assignment.Assignment.AppTest -->
    </test> <!-- Default test -->
  </suite> <!-- Default suite -->
</testng-results>
